<?xml version="1.0" encoding="UTF-8"?>
<!-- Generated by org.testng.reporters.JUnitXMLReporter -->
<testsuite ignored="0" hostname="DESKTOP-C50TDGB" failures="1" tests="3" name="Test" time="0.136" errors="0" timestamp="2023-04-09T02:36:48 IST">
  <testcase classname="Day5.MyTest" name="test1" time="0.019"/>
  <testcase classname="Day5.MyTest" name="test2" time="0.004">
    <failure type="java.lang.AssertionError" message="expected [B] but found [A]">
      <![CDATA[java.lang.AssertionError: expected [B] but found [A]
at Day5.MyTest.test2(MyTest.java:16)
at java.base/java.util.ArrayList.forEach(ArrayList.java:1511)
... Removed 33 stack frames]]>
    </failure>
  </testcase> <!-- test2 -->
  <testcase classname="Day5.MyTest" name="test3" time="0.0">
    <skipped/>
  </testcase> <!-- test3 -->
</testsuite> <!-- Test -->
