<?xml version="1.0" encoding="UTF-8"?>
<!-- Generated by org.testng.reporters.JUnitXMLReporter -->
<testsuite ignored="6" hostname="DESKTOP-C50TDGB" failures="0" tests="3" name="my test" time="0.111" errors="0" timestamp="2023-03-28T13:45:25 IST">
  <testcase classname="Day3.Grouping" name="signupbyfacebook" time="0.017"/>
  <testcase classname="Day3.Grouping" name="signupbytwitter" time="0.002"/>
  <testcase classname="Day3.Grouping" name="paymentReturnbyBank" time="0.003"/>
  <testcase classname="Day3.Grouping" name="paymentindollar" time="0.0">
    <ignored/>
  </testcase> <!-- paymentindollar -->
  <testcase classname="Day3.Grouping" name="loginByEmail" time="0.0">
    <ignored/>
  </testcase> <!-- loginByEmail -->
  <testcase classname="Day3.Grouping" name="paymentinrupees" time="0.0">
    <ignored/>
  </testcase> <!-- paymentinrupees -->
  <testcase classname="Day3.Grouping" name="loginBytwitter" time="0.0">
    <ignored/>
  </testcase> <!-- loginBytwitter -->
  <testcase classname="Day3.Grouping" name="signupbyemail" time="0.0">
    <ignored/>
  </testcase> <!-- signupbyemail -->
  <testcase classname="Day3.Grouping" name="loginByFacebook" time="0.0">
    <ignored/>
  </testcase> <!-- loginByFacebook -->
</testsuite> <!-- my test -->
